<?xml version="1.0" encoding="UTF-8" ?>
<testsuite tests="4" failures="0" name="pl.polsl.tulczyjew.lukasz.PassengerTest" time="4.133" errors="0" skipped="0">
  <properties>
[...]
</properties>
  <testcase classname="pl.polsl.tulczyjew.lukasz.PassengerTest" name="testFind" time="1.242"/>
  <testcase classname="pl.polsl.tulczyjew.lukasz.PassengerTest" name="test" time="0"/>
  <testcase classname="pl.polsl.tulczyjew.lukasz.PassengerTest" name="testCreate" time="0.307"/>
  <testcase classname="pl.polsl.tulczyjew.lukasz.PassengerTest" name="testDelete" time="0.119"/>
</testsuite>